Building DAG of jobs...
Using shell: /usr/bin/bash
Provided cluster nodes: 800
Job stats:
job                 count    min threads    max threads
----------------  -------  -------------  -------------
all                     1              1              1
archiveDirectory       24              1              1
total                  25              1              1

Select jobs to execute...

[Wed Nov 16 13:00:56 2022]
Job 16: Archiving and compressing BC216_sample_05_merlin
Reason: Missing output files: /n/holylfs05/LABS/zhuang_lab/Lab/shared/tape/BC216_sample_05_merlin.tar.zst

Submitted job 16 with external jobid 'Submitted batch job 32603442'.

[Wed Nov 16 13:00:57 2022]
Job 2: Archiving and compressing BC222_sample_02_data
Reason: Missing output files: /n/holylfs05/LABS/zhuang_lab/Lab/shared/tape/BC222_sample_02_data.tar.zst

Submitted job 2 with external jobid 'Submitted batch job 32603443'.

[Wed Nov 16 13:00:57 2022]
Job 24: Archiving and compressing BC220_sample_02_new_cellpose_params_merlin
Reason: Missing output files: /n/holylfs05/LABS/zhuang_lab/Lab/shared/tape/BC220_sample_02_new_cellpose_params_merlin.tar.zst

Submitted job 24 with external jobid 'Submitted batch job 32603444'.

[Wed Nov 16 13:00:57 2022]
Job 17: Archiving and compressing BC216_sample_05_mir_005_new_cellpose_params_merlin
Reason: Missing output files: /n/holylfs05/LABS/zhuang_lab/Lab/shared/tape/BC216_sample_05_mir_005_new_cellpose_params_merlin.tar.zst

Submitted job 17 with external jobid 'Submitted batch job 32603445'.

[Wed Nov 16 13:00:57 2022]
Job 1: Archiving and compressing BC222_sample_01_data
Reason: Missing output files: /n/holylfs05/LABS/zhuang_lab/Lab/shared/tape/BC222_sample_01_data.tar.zst

Submitted job 1 with external jobid 'Submitted batch job 32603446'.

[Wed Nov 16 13:00:57 2022]
Job 25: Archiving and compressing BC220_sample_03_new_cellpose_params_merlin
Reason: Missing output files: /n/holylfs05/LABS/zhuang_lab/Lab/shared/tape/BC220_sample_03_new_cellpose_params_merlin.tar.zst

Submitted job 25 with external jobid 'Submitted batch job 32603447'.

[Wed Nov 16 13:00:57 2022]
Job 18: Archiving and compressing BC216_sample_06_mir_005_new_cellpose_params_merlin
Reason: Missing output files: /n/holylfs05/LABS/zhuang_lab/Lab/shared/tape/BC216_sample_06_mir_005_new_cellpose_params_merlin.tar.zst

Submitted job 18 with external jobid 'Submitted batch job 32603448'.

[Wed Nov 16 13:00:57 2022]
Job 3: Archiving and compressing BC222_sample_03_data
Reason: Missing output files: /n/holylfs05/LABS/zhuang_lab/Lab/shared/tape/BC222_sample_03_data.tar.zst

Submitted job 3 with external jobid 'Submitted batch job 32603449'.

[Wed Nov 16 13:00:58 2022]
Job 26: Archiving and compressing BC220_sample_05_new_cellpose_params_merlin
Reason: Missing output files: /n/holylfs05/LABS/zhuang_lab/Lab/shared/tape/BC220_sample_05_new_cellpose_params_merlin.tar.zst

Submitted job 26 with external jobid 'Submitted batch job 32603450'.

[Wed Nov 16 13:00:58 2022]
Job 19: Archiving and compressing BC217_sample_01_new_cellpose_params_merlin
Reason: Missing output files: /n/holylfs05/LABS/zhuang_lab/Lab/shared/tape/BC217_sample_01_new_cellpose_params_merlin.tar.zst

Submitted job 19 with external jobid 'Submitted batch job 32603451'.

[Wed Nov 16 13:00:58 2022]
Job 4: Archiving and compressing BC106_sample_02_mir_005_new_cellpose_params_merlin
Reason: Missing output files: /n/holylfs05/LABS/zhuang_lab/Lab/shared/tape/BC106_sample_02_mir_005_new_cellpose_params_merlin.tar.zst

Submitted job 4 with external jobid 'Submitted batch job 32603452'.

[Wed Nov 16 13:00:58 2022]
Job 27: Archiving and compressing BC222_sample_01_new_cellpose_params_merlin
Reason: Missing output files: /n/holylfs05/LABS/zhuang_lab/Lab/shared/tape/BC222_sample_01_new_cellpose_params_merlin.tar.zst

Submitted job 27 with external jobid 'Submitted batch job 32603453'.

[Wed Nov 16 13:00:58 2022]
Job 12: Archiving and compressing BC216_sample_01_mir_005_new_cellpose_params_merlin
Reason: Missing output files: /n/holylfs05/LABS/zhuang_lab/Lab/shared/tape/BC216_sample_01_mir_005_new_cellpose_params_merlin.tar.zst

Submitted job 12 with external jobid 'Submitted batch job 32603454'.

[Wed Nov 16 13:00:58 2022]
Job 20: Archiving and compressing BC217_sample_02_merlin
Reason: Missing output files: /n/holylfs05/LABS/zhuang_lab/Lab/shared/tape/BC217_sample_02_merlin.tar.zst

Submitted job 20 with external jobid 'Submitted batch job 32603455'.

[Wed Nov 16 13:00:58 2022]
Job 5: Archiving and compressing BC106_sample_04_mir_005_new_cellpose_params_merlin
Reason: Missing output files: /n/holylfs05/LABS/zhuang_lab/Lab/shared/tape/BC106_sample_04_mir_005_new_cellpose_params_merlin.tar.zst

Submitted job 5 with external jobid 'Submitted batch job 32603456'.

[Wed Nov 16 13:00:58 2022]
Job 28: Archiving and compressing BC222_sample_02_new_cellpose_params_merlin
Reason: Missing output files: /n/holylfs05/LABS/zhuang_lab/Lab/shared/tape/BC222_sample_02_new_cellpose_params_merlin.tar.zst

Submitted job 28 with external jobid 'Submitted batch job 32603457'.

[Wed Nov 16 13:00:59 2022]
Job 13: Archiving and compressing BC216_sample_02_new_cellpose_params_merlin
Reason: Missing output files: /n/holylfs05/LABS/zhuang_lab/Lab/shared/tape/BC216_sample_02_new_cellpose_params_merlin.tar.zst

Submitted job 13 with external jobid 'Submitted batch job 32603458'.

[Wed Nov 16 13:00:59 2022]
Job 21: Archiving and compressing BC217_sample_04_new_cellpose_params_merlin
Reason: Missing output files: /n/holylfs05/LABS/zhuang_lab/Lab/shared/tape/BC217_sample_04_new_cellpose_params_merlin.tar.zst

Submitted job 21 with external jobid 'Submitted batch job 32603459'.

[Wed Nov 16 13:00:59 2022]
Job 6: Archiving and compressing BC213_sample_ICS2_mir_005_new_cellpose_params_merlin
Reason: Missing output files: /n/holylfs05/LABS/zhuang_lab/Lab/shared/tape/BC213_sample_ICS2_mir_005_new_cellpose_params_merlin.tar.zst

Submitted job 6 with external jobid 'Submitted batch job 32603460'.

[Wed Nov 16 13:00:59 2022]
Job 29: Archiving and compressing BC222_sample_03_new_cellpose_params_merlin
Reason: Missing output files: /n/holylfs05/LABS/zhuang_lab/Lab/shared/tape/BC222_sample_03_new_cellpose_params_merlin.tar.zst

Submitted job 29 with external jobid 'Submitted batch job 32603461'.

[Wed Nov 16 13:00:59 2022]
Job 14: Archiving and compressing BC216_sample_03_merlin
Reason: Missing output files: /n/holylfs05/LABS/zhuang_lab/Lab/shared/tape/BC216_sample_03_merlin.tar.zst

Submitted job 14 with external jobid 'Submitted batch job 32603462'.

[Wed Nov 16 13:00:59 2022]
Job 22: Archiving and compressing BC220_sample_00_new_cellpose_params_merlin
Reason: Missing output files: /n/holylfs05/LABS/zhuang_lab/Lab/shared/tape/BC220_sample_00_new_cellpose_params_merlin.tar.zst

Submitted job 22 with external jobid 'Submitted batch job 32603463'.

[Wed Nov 16 13:00:59 2022]
Job 15: Archiving and compressing BC216_sample_03_mir_005_new_cellpose_params_merlin
Reason: Missing output files: /n/holylfs05/LABS/zhuang_lab/Lab/shared/tape/BC216_sample_03_mir_005_new_cellpose_params_merlin.tar.zst

Submitted job 15 with external jobid 'Submitted batch job 32603464'.

[Wed Nov 16 13:00:59 2022]
Job 23: Archiving and compressing BC220_sample_01_new_cellpose_params_merlin
Reason: Missing output files: /n/holylfs05/LABS/zhuang_lab/Lab/shared/tape/BC220_sample_01_new_cellpose_params_merlin.tar.zst

Submitted job 23 with external jobid 'Submitted batch job 32603465'.
[Wed Nov 16 13:01:31 2022]
Finished job 26.
1 of 25 steps (4%) done
[Wed Nov 16 13:20:21 2022]
Finished job 13.
2 of 25 steps (8%) done
[Wed Nov 16 13:21:08 2022]
Finished job 25.
3 of 25 steps (12%) done
[Wed Nov 16 13:59:00 2022]
Finished job 6.
4 of 25 steps (16%) done
[Wed Nov 16 14:16:49 2022]
Finished job 27.
5 of 25 steps (20%) done
[Wed Nov 16 14:19:47 2022]
Finished job 20.
6 of 25 steps (24%) done
[Wed Nov 16 14:27:08 2022]
Finished job 22.
7 of 25 steps (28%) done
[Wed Nov 16 14:34:29 2022]
Finished job 21.
8 of 25 steps (32%) done
[Wed Nov 16 14:37:24 2022]
Finished job 17.
9 of 25 steps (36%) done
[Wed Nov 16 14:42:32 2022]
Finished job 16.
10 of 25 steps (40%) done
[Wed Nov 16 14:50:59 2022]
Finished job 19.
11 of 25 steps (44%) done
[Wed Nov 16 15:06:03 2022]
Finished job 15.
12 of 25 steps (48%) done
[Wed Nov 16 15:13:23 2022]
Finished job 4.
13 of 25 steps (52%) done
[Wed Nov 16 15:17:36 2022]
Finished job 29.
14 of 25 steps (56%) done
[Wed Nov 16 15:29:21 2022]
Finished job 24.
15 of 25 steps (60%) done
[Wed Nov 16 15:34:03 2022]
Finished job 14.
16 of 25 steps (64%) done
[Wed Nov 16 15:47:44 2022]
Finished job 23.
17 of 25 steps (68%) done
[Wed Nov 16 15:56:15 2022]
Finished job 18.
18 of 25 steps (72%) done
[Wed Nov 16 16:01:56 2022]
Finished job 5.
19 of 25 steps (76%) done
[Wed Nov 16 16:10:07 2022]
Finished job 28.
20 of 25 steps (80%) done
[Wed Nov 16 16:36:39 2022]
Finished job 12.
21 of 25 steps (84%) done
[Wed Nov 16 17:23:12 2022]
Finished job 1.
22 of 25 steps (88%) done
[Wed Nov 16 17:47:55 2022]
Finished job 3.
23 of 25 steps (92%) done
[Wed Nov 16 17:53:25 2022]
Finished job 2.
24 of 25 steps (96%) done
Select jobs to execute...

[Wed Nov 16 17:53:25 2022]
localrule all:
    input: /n/holylfs05/LABS/zhuang_lab/Lab/shared/tape/BC222_sample_01_data.tar.zst, /n/holylfs05/LABS/zhuang_lab/Lab/shared/tape/BC222_sample_02_data.tar.zst, /n/holylfs05/LABS/zhuang_lab/Lab/shared/tape/BC222_sample_03_data.tar.zst, /n/holylfs05/LABS/zhuang_lab/Lab/shared/tape/BC106_sample_02_mir_005_new_cellpose_params_merlin.tar.zst, /n/holylfs05/LABS/zhuang_lab/Lab/shared/tape/BC106_sample_04_mir_005_new_cellpose_params_merlin.tar.zst, /n/holylfs05/LABS/zhuang_lab/Lab/shared/tape/BC213_sample_ICS2_mir_005_new_cellpose_params_merlin.tar.zst, /n/holylfs05/LABS/zhuang_lab/Lab/shared/tape/BC214_sample_01_mir_005_new_cellpose_params_merlin.tar.zst, /n/holylfs05/LABS/zhuang_lab/Lab/shared/tape/BC214_sample_02_mir_005_new_cellpose_params_merlin.tar.zst, /n/holylfs05/LABS/zhuang_lab/Lab/shared/tape/BC214_sample_02_subset_01_merlin.tar.zst, /n/holylfs05/LABS/zhuang_lab/Lab/shared/tape/BC214_sample_02_subset_02_merlin.tar.zst, /n/holylfs05/LABS/zhuang_lab/Lab/shared/tape/BC214_sample_02_subset_03_merlin.tar.zst, /n/holylfs05/LABS/zhuang_lab/Lab/shared/tape/BC216_sample_01_mir_005_new_cellpose_params_merlin.tar.zst, /n/holylfs05/LABS/zhuang_lab/Lab/shared/tape/BC216_sample_02_new_cellpose_params_merlin.tar.zst, /n/holylfs05/LABS/zhuang_lab/Lab/shared/tape/BC216_sample_03_merlin.tar.zst, /n/holylfs05/LABS/zhuang_lab/Lab/shared/tape/BC216_sample_03_mir_005_new_cellpose_params_merlin.tar.zst, /n/holylfs05/LABS/zhuang_lab/Lab/shared/tape/BC216_sample_05_merlin.tar.zst, /n/holylfs05/LABS/zhuang_lab/Lab/shared/tape/BC216_sample_05_mir_005_new_cellpose_params_merlin.tar.zst, /n/holylfs05/LABS/zhuang_lab/Lab/shared/tape/BC216_sample_06_mir_005_new_cellpose_params_merlin.tar.zst, /n/holylfs05/LABS/zhuang_lab/Lab/shared/tape/BC217_sample_01_new_cellpose_params_merlin.tar.zst, /n/holylfs05/LABS/zhuang_lab/Lab/shared/tape/BC217_sample_02_merlin.tar.zst, /n/holylfs05/LABS/zhuang_lab/Lab/shared/tape/BC217_sample_04_new_cellpose_params_merlin.tar.zst, /n/holylfs05/LABS/zhuang_lab/Lab/shared/tape/BC220_sample_00_new_cellpose_params_merlin.tar.zst, /n/holylfs05/LABS/zhuang_lab/Lab/shared/tape/BC220_sample_01_new_cellpose_params_merlin.tar.zst, /n/holylfs05/LABS/zhuang_lab/Lab/shared/tape/BC220_sample_02_new_cellpose_params_merlin.tar.zst, /n/holylfs05/LABS/zhuang_lab/Lab/shared/tape/BC220_sample_03_new_cellpose_params_merlin.tar.zst, /n/holylfs05/LABS/zhuang_lab/Lab/shared/tape/BC220_sample_05_new_cellpose_params_merlin.tar.zst, /n/holylfs05/LABS/zhuang_lab/Lab/shared/tape/BC222_sample_01_new_cellpose_params_merlin.tar.zst, /n/holylfs05/LABS/zhuang_lab/Lab/shared/tape/BC222_sample_02_new_cellpose_params_merlin.tar.zst, /n/holylfs05/LABS/zhuang_lab/Lab/shared/tape/BC222_sample_03_new_cellpose_params_merlin.tar.zst
    jobid: 0
    reason: Input files updated by another job: /n/holylfs05/LABS/zhuang_lab/Lab/shared/tape/BC222_sample_02_new_cellpose_params_merlin.tar.zst, /n/holylfs05/LABS/zhuang_lab/Lab/shared/tape/BC222_sample_01_new_cellpose_params_merlin.tar.zst, /n/holylfs05/LABS/zhuang_lab/Lab/shared/tape/BC220_sample_02_new_cellpose_params_merlin.tar.zst, /n/holylfs05/LABS/zhuang_lab/Lab/shared/tape/BC220_sample_00_new_cellpose_params_merlin.tar.zst, /n/holylfs05/LABS/zhuang_lab/Lab/shared/tape/BC222_sample_03_data.tar.zst, /n/holylfs05/LABS/zhuang_lab/Lab/shared/tape/BC217_sample_02_merlin.tar.zst, /n/holylfs05/LABS/zhuang_lab/Lab/shared/tape/BC222_sample_03_new_cellpose_params_merlin.tar.zst, /n/holylfs05/LABS/zhuang_lab/Lab/shared/tape/BC216_sample_03_mir_005_new_cellpose_params_merlin.tar.zst, /n/holylfs05/LABS/zhuang_lab/Lab/shared/tape/BC222_sample_02_data.tar.zst, /n/holylfs05/LABS/zhuang_lab/Lab/shared/tape/BC216_sample_01_mir_005_new_cellpose_params_merlin.tar.zst, /n/holylfs05/LABS/zhuang_lab/Lab/shared/tape/BC217_sample_04_new_cellpose_params_merlin.tar.zst, /n/holylfs05/LABS/zhuang_lab/Lab/shared/tape/BC213_sample_ICS2_mir_005_new_cellpose_params_merlin.tar.zst, /n/holylfs05/LABS/zhuang_lab/Lab/shared/tape/BC222_sample_01_data.tar.zst, /n/holylfs05/LABS/zhuang_lab/Lab/shared/tape/BC106_sample_02_mir_005_new_cellpose_params_merlin.tar.zst, /n/holylfs05/LABS/zhuang_lab/Lab/shared/tape/BC220_sample_05_new_cellpose_params_merlin.tar.zst, /n/holylfs05/LABS/zhuang_lab/Lab/shared/tape/BC216_sample_02_new_cellpose_params_merlin.tar.zst, /n/holylfs05/LABS/zhuang_lab/Lab/shared/tape/BC220_sample_03_new_cellpose_params_merlin.tar.zst, /n/holylfs05/LABS/zhuang_lab/Lab/shared/tape/BC217_sample_01_new_cellpose_params_merlin.tar.zst, /n/holylfs05/LABS/zhuang_lab/Lab/shared/tape/BC220_sample_01_new_cellpose_params_merlin.tar.zst, /n/holylfs05/LABS/zhuang_lab/Lab/shared/tape/BC216_sample_05_merlin.tar.zst, /n/holylfs05/LABS/zhuang_lab/Lab/shared/tape/BC106_sample_04_mir_005_new_cellpose_params_merlin.tar.zst, /n/holylfs05/LABS/zhuang_lab/Lab/shared/tape/BC216_sample_05_mir_005_new_cellpose_params_merlin.tar.zst, /n/holylfs05/LABS/zhuang_lab/Lab/shared/tape/BC216_sample_03_merlin.tar.zst, /n/holylfs05/LABS/zhuang_lab/Lab/shared/tape/BC216_sample_06_mir_005_new_cellpose_params_merlin.tar.zst
    resources: mem_mb=43665746, disk_mb=43665746, tmpdir=/tmp

[Wed Nov 16 17:53:25 2022]
Finished job 0.
25 of 25 steps (100%) done
Complete log: .snakemake/log/2022-11-16T130050.165428.snakemake.log
